
Showing logs for build [32mcb-kubecd-environment-pr-208-38-bwc5s-1[0m stage [32mfrom-build-pack[0m and container [32mstep-credential-initializer-f9vbl[0m
{"level":"info","ts":1587682734.678979,"logger":"fallback-logger","caller":"logging/config.go:69","msg":"Fetch GitHub commit ID from kodata failed: open /var/run/ko/refs/heads/0.8.0-ns-support: no such file or directory"}
{"level":"info","ts":1587682734.6794374,"logger":"fallback-logger","caller":"creds-init/main.go:40","msg":"Credentials initialized."}

Showing logs for build [32mcb-kubecd-environment-pr-208-38-bwc5s-1[0m stage [32mfrom-build-pack[0m and container [32mstep-working-dir-initializer-6fxcb[0m
{"level":"info","ts":1587682735.113825,"logger":"fallback-logger","caller":"logging/config.go:69","msg":"Fetch GitHub commit ID from kodata failed: open /var/run/ko/HEAD: no such file or directory"}
{"level":"info","ts":1587682735.115706,"logger":"fallback-logger","caller":"bash/main.go:64","msg":"Successfully executed command \"sh -c mkdir -p /workspace/source\"; output "}

Showing logs for build [32mcb-kubecd-environment-pr-208-38-bwc5s-1[0m stage [32mfrom-build-pack[0m and container [32mstep-place-tools[0m

Showing logs for build [32mcb-kubecd-environment-pr-208-38-bwc5s-1[0m stage [32mfrom-build-pack[0m and container [32mstep-git-source-cb-kubecd-environment-pr-208-38-bwc5s-q7nvn[0m
{"level":"info","ts":1587682763.0546782,"logger":"fallback-logger","caller":"logging/config.go:69","msg":"Fetch GitHub commit ID from kodata failed: open /var/run/ko/refs/heads/0.8.0-ns-support: no such file or directory"}
{"level":"info","ts":1587682764.7092454,"logger":"fallback-logger","caller":"git/git.go:103","msg":"Successfully cloned https://github.com/cb-kubecd/environment-pr-208-38-boot-vault-gke-production.git @ master in path /workspace/source"}

Showing logs for build [32mcb-kubecd-environment-pr-208-38-bwc5s-1[0m stage [32mfrom-build-pack[0m and container [32mstep-git-merge[0m
Using SHAs from PULL_REFS=master:f7a3816e3d1369cf68efc7eb1307fb36ff9d09ab,1:a2ea0f73e7a2febd1646e28051eab4d8b39f0aef
DEBUG: JX_LOG_LEVEL=error LC_ALL=C git fetch origin --unshallow a2ea0f73e7a2febd1646e28051eab4d8b39f0aef: f7a3816e3d1369cf68efc7eb1307fb36ff9d09ab:
DEBUG: ran git fetch --unshallow origin a2ea0f73e7a2febd1646e28051eab4d8b39f0aef: f7a3816e3d1369cf68efc7eb1307fb36ff9d09ab: in 
DEBUG: LC_ALL=C JX_LOG_LEVEL=error git branch
DEBUG: LC_ALL=C JX_LOG_LEVEL=error git checkout master
DEBUG: ran git checkout master in 
DEBUG: LC_ALL=C JX_LOG_LEVEL=error git reset --hard f7a3816e3d1369cf68efc7eb1307fb36ff9d09ab
DEBUG: ran git reset --hard f7a3816e3d1369cf68efc7eb1307fb36ff9d09ab in 
DEBUG: LC_ALL=C JX_LOG_LEVEL=error git clean -fd .
DEBUG: ran clean --force -d . in 
DEBUG: LC_ALL=C JX_LOG_LEVEL=error git merge a2ea0f73e7a2febd1646e28051eab4d8b39f0aef
DEBUG: ran git merge a2ea0f73e7a2febd1646e28051eab4d8b39f0aef in 
DEBUG: LC_ALL=C JX_LOG_LEVEL=error git log --format=%H%x1f%an%x1f%ae%x1f%cn%x1f%ce%x1f%s%n%b%x1e f7a3816e3d1369cf68efc7eb1307fb36ff9d09ab..HEAD
Merged SHA a2ea0f73e7a2febd1646e28051eab4d8b39f0aef with commit message 'chore: Promote bdd-spring-1587681341 to version 0.0.1' into base branch master

Showing logs for build [32mcb-kubecd-environment-pr-208-38-bwc5s-1[0m stage [32mfrom-build-pack[0m and container [32mstep-build-helm-build[0m
WARNING: No $CHART_REPOSITORY defined so using the default value of: http://jenkins-x-chartmuseum:8080
Adding missing Helm repo: storage.googleapis.com https://storage.googleapis.com/chartmuseum.jenkins-x.io
WARNING: No secrets found on "helm/repos" due: reading the secret "helm/repos" from vault: no secret "helm/repos" not found in vault
Read credentials for https://storage.googleapis.com/chartmuseum.jenkins-x.io from vault helm/repos
Successfully added Helm repository storage.googleapis.com.
Adding missing Helm repo: jenkins-x-chartmuseum http://jenkins-x-chartmuseum:8080
WARNING: No secrets found on "helm/repos" due: reading the secret "helm/repos" from vault: no secret "helm/repos" not found in vault
Read credentials for http://jenkins-x-chartmuseum:8080 from vault helm/repos
Successfully added Helm repository jenkins-x-chartmuseum.
WARNING: No $CHART_REPOSITORY defined so using the default value of: http://jenkins-x-chartmuseum:8080
Adding missing Helm repo: chartmuseum.jenkins-x.io http://chartmuseum.jenkins-x.io
WARNING: No secrets found on "helm/repos" due: reading the secret "helm/repos" from vault: no secret "helm/repos" not found in vault
Read credentials for http://chartmuseum.jenkins-x.io from vault helm/repos
Successfully added Helm repository chartmuseum.jenkins-x.io.
